<?xml version="1.0" encoding="UTF-8"?>
<!-- Generated by org.testng.reporters.JUnitReportReporter -->
<testsuite hostname="DESKTOP-422QJLE" failures="0" tests="1" name="srilaxmi.srilaxmi.shopping" time="21.679" errors="0" timestamp="2023-08-04T11:32:04 IST" skipped="0">
  <testcase classname="srilaxmi.srilaxmi.shopping" name="test1" time="21.679"/>
  <system-out/>
</testsuite> <!-- srilaxmi.srilaxmi.shopping -->
