<?xml version="1.0" encoding="UTF-8"?>
<!-- Generated by org.testng.reporters.JUnitReportReporter -->
<testsuite hostname="DESKTOP-422QJLE" failures="0" tests="1" name="srilaxmi.srilaxmi.shopping" time="45.423" errors="0" timestamp="2023-08-04T20:07:01 IST" skipped="0">
  <testcase classname="srilaxmi.srilaxmi.shopping" name="test1" time="45.423"/>
  <system-out/>
</testsuite> <!-- srilaxmi.srilaxmi.shopping -->
